<?xml version="1.0" encoding="UTF-8"?>
<!-- Generated by org.testng.reporters.JUnitXMLReporter -->
<testsuite ignored="0" hostname="CSAHLAP0008" failures="0" tests="7" name="Default test" time="221.46" errors="0" timestamp="2024-09-29T12:29:41 IST">
  <testcase classname="entrata.EntrataTest" name="watchDemo" time="12.13"/>
  <testcase classname="entrata.EntrataTest" name="scheduleYourDemo" time="15.054"/>
  <testcase classname="entrata.EntrataTest" name="registerNow" time="19.704"/>
  <testcase classname="entrata.EntrataTest" name="clickOnLogoToGoOnHomePage" time="8.038"/>
  <testcase classname="entrata.EntrataTest" name="basecampJourney" time="36.868"/>
  <testcase classname="entrata.EntrataTest" name="seeHowItWorks" time="7.966"/>
  <testcase classname="entrata.EntrataTest" name="product" time="13.301"/>
</testsuite> <!-- Default test -->
