<?xml version="1.0" encoding="UTF-8"?>
<testng-results ignored="0" total="7" passed="7" failed="0" skipped="0">
  <reporter-output>
  </reporter-output>
  <suite started-at="2024-09-29T12:25:59 IST" name="Default suite" finished-at="2024-09-29T12:29:41 IST" duration-ms="221460">
    <groups>
    </groups>
    <test started-at="2024-09-29T12:25:59 IST" name="Default test" finished-at="2024-09-29T12:29:41 IST" duration-ms="221460">
      <class name="entrata.EntrataTest">
        <test-method is-config="true" signature="openwebsite()[pri:0, instance:entrata.EntrataTest@37afeb11]" started-at="2024-09-29T12:25:59 IST" name="openwebsite" finished-at="2024-09-29T12:26:22 IST" duration-ms="23286" status="PASS">
          <reporter-output>
          </reporter-output>
        </test-method> <!-- openwebsite -->
        <test-method signature="watchDemo()[pri:1, instance:entrata.EntrataTest@37afeb11]" started-at="2024-09-29T12:26:22 IST" name="watchDemo" finished-at="2024-09-29T12:26:35 IST" duration-ms="12130" status="PASS">
          <reporter-output>
          </reporter-output>
        </test-method> <!-- watchDemo -->
        <test-method is-config="true" signature="logout()[pri:0, instance:entrata.EntrataTest@37afeb11]" started-at="2024-09-29T12:26:35 IST" name="logout" finished-at="2024-09-29T12:26:35 IST" duration-ms="537" status="PASS">
          <reporter-output>
          </reporter-output>
        </test-method> <!-- logout -->
        <test-method is-config="true" signature="openwebsite()[pri:0, instance:entrata.EntrataTest@37afeb11]" started-at="2024-09-29T12:26:35 IST" name="openwebsite" finished-at="2024-09-29T12:26:48 IST" duration-ms="13327" status="PASS">
          <reporter-output>
          </reporter-output>
        </test-method> <!-- openwebsite -->
        <test-method signature="scheduleYourDemo()[pri:2, instance:entrata.EntrataTest@37afeb11]" started-at="2024-09-29T12:26:48 IST" name="scheduleYourDemo" finished-at="2024-09-29T12:27:04 IST" duration-ms="15054" status="PASS">
          <reporter-output>
          </reporter-output>
        </test-method> <!-- scheduleYourDemo -->
        <test-method is-config="true" signature="logout()[pri:0, instance:entrata.EntrataTest@37afeb11]" started-at="2024-09-29T12:27:04 IST" name="logout" finished-at="2024-09-29T12:27:04 IST" duration-ms="457" status="PASS">
          <reporter-output>
          </reporter-output>
        </test-method> <!-- logout -->
        <test-method is-config="true" signature="openwebsite()[pri:0, instance:entrata.EntrataTest@37afeb11]" started-at="2024-09-29T12:27:04 IST" name="openwebsite" finished-at="2024-09-29T12:27:18 IST" duration-ms="14517" status="PASS">
          <reporter-output>
          </reporter-output>
        </test-method> <!-- openwebsite -->
        <test-method signature="registerNow()[pri:3, instance:entrata.EntrataTest@37afeb11]" started-at="2024-09-29T12:27:18 IST" name="registerNow" finished-at="2024-09-29T12:27:38 IST" duration-ms="19704" status="PASS">
          <reporter-output>
          </reporter-output>
        </test-method> <!-- registerNow -->
        <test-method is-config="true" signature="logout()[pri:0, instance:entrata.EntrataTest@37afeb11]" started-at="2024-09-29T12:27:38 IST" name="logout" finished-at="2024-09-29T12:27:39 IST" duration-ms="396" status="PASS">
          <reporter-output>
          </reporter-output>
        </test-method> <!-- logout -->
        <test-method is-config="true" signature="openwebsite()[pri:0, instance:entrata.EntrataTest@37afeb11]" started-at="2024-09-29T12:27:39 IST" name="openwebsite" finished-at="2024-09-29T12:27:52 IST" duration-ms="13736" status="PASS">
          <reporter-output>
          </reporter-output>
        </test-method> <!-- openwebsite -->
        <test-method signature="clickOnLogoToGoOnHomePage()[pri:4, instance:entrata.EntrataTest@37afeb11]" started-at="2024-09-29T12:27:52 IST" name="clickOnLogoToGoOnHomePage" finished-at="2024-09-29T12:28:00 IST" duration-ms="8038" status="PASS">
          <reporter-output>
          </reporter-output>
        </test-method> <!-- clickOnLogoToGoOnHomePage -->
        <test-method is-config="true" signature="logout()[pri:0, instance:entrata.EntrataTest@37afeb11]" started-at="2024-09-29T12:28:00 IST" name="logout" finished-at="2024-09-29T12:28:01 IST" duration-ms="383" status="PASS">
          <reporter-output>
          </reporter-output>
        </test-method> <!-- logout -->
        <test-method is-config="true" signature="openwebsite()[pri:0, instance:entrata.EntrataTest@37afeb11]" started-at="2024-09-29T12:28:01 IST" name="openwebsite" finished-at="2024-09-29T12:28:14 IST" duration-ms="13709" status="PASS">
          <reporter-output>
          </reporter-output>
        </test-method> <!-- openwebsite -->
        <test-method signature="basecampJourney()[pri:5, instance:entrata.EntrataTest@37afeb11]" started-at="2024-09-29T12:28:14 IST" name="basecampJourney" finished-at="2024-09-29T12:28:51 IST" duration-ms="36868" status="PASS">
          <reporter-output>
          </reporter-output>
        </test-method> <!-- basecampJourney -->
        <test-method is-config="true" signature="logout()[pri:0, instance:entrata.EntrataTest@37afeb11]" started-at="2024-09-29T12:28:51 IST" name="logout" finished-at="2024-09-29T12:28:52 IST" duration-ms="373" status="PASS">
          <reporter-output>
          </reporter-output>
        </test-method> <!-- logout -->
        <test-method is-config="true" signature="openwebsite()[pri:0, instance:entrata.EntrataTest@37afeb11]" started-at="2024-09-29T12:28:52 IST" name="openwebsite" finished-at="2024-09-29T12:29:05 IST" duration-ms="13355" status="PASS">
          <reporter-output>
          </reporter-output>
        </test-method> <!-- openwebsite -->
        <test-method signature="seeHowItWorks()[pri:6, instance:entrata.EntrataTest@37afeb11]" started-at="2024-09-29T12:29:05 IST" name="seeHowItWorks" finished-at="2024-09-29T12:29:13 IST" duration-ms="7966" status="PASS">
          <reporter-output>
          </reporter-output>
        </test-method> <!-- seeHowItWorks -->
        <test-method is-config="true" signature="logout()[pri:0, instance:entrata.EntrataTest@37afeb11]" started-at="2024-09-29T12:29:13 IST" name="logout" finished-at="2024-09-29T12:29:13 IST" duration-ms="380" status="PASS">
          <reporter-output>
          </reporter-output>
        </test-method> <!-- logout -->
        <test-method is-config="true" signature="openwebsite()[pri:0, instance:entrata.EntrataTest@37afeb11]" started-at="2024-09-29T12:29:13 IST" name="openwebsite" finished-at="2024-09-29T12:29:27 IST" duration-ms="13491" status="PASS">
          <reporter-output>
          </reporter-output>
        </test-method> <!-- openwebsite -->
        <test-method signature="product()[pri:7, instance:entrata.EntrataTest@37afeb11]" started-at="2024-09-29T12:29:27 IST" name="product" finished-at="2024-09-29T12:29:40 IST" duration-ms="13301" status="PASS">
          <reporter-output>
          </reporter-output>
        </test-method> <!-- product -->
        <test-method is-config="true" signature="logout()[pri:0, instance:entrata.EntrataTest@37afeb11]" started-at="2024-09-29T12:29:40 IST" name="logout" finished-at="2024-09-29T12:29:41 IST" duration-ms="390" status="PASS">
          <reporter-output>
          </reporter-output>
        </test-method> <!-- logout -->
      </class> <!-- entrata.EntrataTest -->
    </test> <!-- Default test -->
  </suite> <!-- Default suite -->
</testng-results>
